<?xml version="1.0" encoding="UTF-8"?>
<!-- Generated by org.testng.reporters.JUnitReportReporter -->
<testsuite skipped="0" hostname="DEL1-LTJFYNVP2" name="com.crm.qa.testcases.LoginPageTest" tests="1" failures="0" timestamp="15 Jun 2021 11:16:08 GMT" time="21.060" errors="0">
  <testcase name="loginPageTitleTest" time="21.060" classname="com.crm.qa.testcases.LoginPageTest"/>
</testsuite> <!-- com.crm.qa.testcases.LoginPageTest -->
