<?xml version="1.0" encoding="UTF-8"?>
<!-- Generated by org.testng.reporters.JUnitReportReporter -->
<testsuite skipped="2" hostname="DEL1-LTJFYNVP2" name="com.crm.qa.testcases.ContactsPageTest" tests="3" failures="0" timestamp="15 Jun 2021 12:35:17 GMT" time="30.345" errors="0">
  <testcase name="verifyContactsLabelTest" time="30.345" classname="com.crm.qa.testcases.ContactsPageTest"/>
  <testcase name="validateCreateNewContact" classname="com.crm.qa.testcases.ContactsPageTest">
    <skipped/>
  </testcase> <!-- validateCreateNewContact -->
  <testcase name="selectContactsTest" classname="com.crm.qa.testcases.ContactsPageTest">
    <skipped/>
  </testcase> <!-- selectContactsTest -->
</testsuite> <!-- com.crm.qa.testcases.ContactsPageTest -->
