<?xml version="1.0" encoding="UTF-8"?>
<!-- Generated by org.testng.reporters.JUnitReportReporter -->
<testsuite skipped="0" hostname="DEL1-LTJFYNVP2" name="com.crm.qa.testcases.ContactsPageTest" tests="3" failures="0" timestamp="20 Jul 2021 07:20:34 GMT" time="64.013" errors="0">
  <testcase name="verifyContactsLabelTest" time="18.934" classname="com.crm.qa.testcases.ContactsPageTest"/>
  <testcase name="selectContactsTest" time="19.737" classname="com.crm.qa.testcases.ContactsPageTest"/>
  <testcase name="validateCreateNewContact" time="25.342" classname="com.crm.qa.testcases.ContactsPageTest"/>
</testsuite> <!-- com.crm.qa.testcases.ContactsPageTest -->
