<?xml version="1.0" encoding="UTF-8"?>
<!-- Generated by org.testng.reporters.JUnitReportReporter -->
<testsuite skipped="0" hostname="DEL1-LTJFYNVP2" name="com.crm.qa.testcases.ContactsPageTest" tests="3" failures="0" timestamp="20 Jul 2021 07:24:11 GMT" time="65.590" errors="0">
  <testcase name="verifyContactsLabelTest" time="20.307" classname="com.crm.qa.testcases.ContactsPageTest"/>
  <testcase name="selectContactsTest" time="19.672" classname="com.crm.qa.testcases.ContactsPageTest"/>
  <testcase name="validateCreateNewContact" time="25.611" classname="com.crm.qa.testcases.ContactsPageTest"/>
</testsuite> <!-- com.crm.qa.testcases.ContactsPageTest -->
