<?xml version="1.0" encoding="UTF-8"?>
<!-- Generated by org.testng.reporters.JUnitReportReporter -->
<testsuite skipped="0" hostname="DEL1-LTJFYNVP2" name="com.crm.qa.testcases.ContactsPageTest" tests="3" failures="0" timestamp="15 Jun 2021 13:18:31 GMT" time="297.309" errors="0">
  <testcase name="verifyContactsLabelTest" time="103.896" classname="com.crm.qa.testcases.ContactsPageTest"/>
  <testcase name="selectContactsTest" time="81.768" classname="com.crm.qa.testcases.ContactsPageTest"/>
  <testcase name="validateCreateNewContact" time="111.645" classname="com.crm.qa.testcases.ContactsPageTest"/>
</testsuite> <!-- com.crm.qa.testcases.ContactsPageTest -->
