<?xml version="1.0" encoding="UTF-8"?>
<!-- Generated by org.testng.reporters.JUnitReportReporter -->
<testsuite skipped="0" hostname="DEL1-LTJFYNVP2" name="com.crm.qa.testcases.LoginPageTest" tests="3" failures="0" timestamp="15 Jun 2021 13:18:31 GMT" time="230.834" errors="0">
  <testcase name="loginPageTitleTest" time="77.444" classname="com.crm.qa.testcases.LoginPageTest"/>
  <testcase name="classicUrlTest" time="69.396" classname="com.crm.qa.testcases.LoginPageTest"/>
  <testcase name="loginTest" time="83.994" classname="com.crm.qa.testcases.LoginPageTest"/>
</testsuite> <!-- com.crm.qa.testcases.LoginPageTest -->
