<?xml version="1.0" encoding="UTF-8"?>
<!-- Generated by org.testng.reporters.JUnitReportReporter -->
<testsuite skipped="0" hostname="DEL1-LTJFYNVP2" name="com.crm.qa.testcases.LoginPageTest" tests="3" failures="0" timestamp="20 Jul 2021 07:24:11 GMT" time="27.351" errors="0">
  <testcase name="loginPageTitleTest" time="5.765" classname="com.crm.qa.testcases.LoginPageTest"/>
  <testcase name="classicUrlTest" time="12.988" classname="com.crm.qa.testcases.LoginPageTest"/>
  <testcase name="loginTest" time="8.598" classname="com.crm.qa.testcases.LoginPageTest"/>
</testsuite> <!-- com.crm.qa.testcases.LoginPageTest -->
